<?xml version="1.0" encoding="UTF-8"?>
<!-- Generated by org.testng.reporters.JUnitReportReporter -->
<testsuite hostname="DESKTOP-F0BKER2" name="com.testrunner.TestRunner" tests="1" failures="0" timestamp="20 Oct 2019 20:29:47 GMT" time="31.072" errors="0">
  <testcase name="feature" time="31.072" classname="com.testrunner.TestRunner"/>
</testsuite> <!-- com.testrunner.TestRunner -->
