<?xml version="1.0" encoding="UTF-8"?>
<!-- Generated by org.testng.reporters.JUnitReportReporter -->
<testsuite hostname="DESKTOP-F0BKER2" name="com.testrunner.TestRunner" tests="1" failures="0" timestamp="18 Oct 2019 21:43:24 GMT" time="11.654" errors="0">
  <testcase name="feature" time="11.654" classname="com.testrunner.TestRunner"/>
</testsuite> <!-- com.testrunner.TestRunner -->
